*******************************************************************************************
2017-12-28 09:00:01
start daily task
教师选学生起点：2017-12-28
教师选学生起点时间戳：1514390400.0
未开始选学生或自由分配已结束
end daily task
*******************************************************************************************
2017-12-28 10:00:01
start daily task
教师选学生起点：2017-12-28
教师选学生起点时间戳：1514390400.0
未开始选学生或自由分配已结束
end daily task
*******************************************************************************************
2017-12-28 11:00:01
start daily task
教师选学生起点：2017-12-28
教师选学生起点时间戳：1514390400.0
未开始选学生或自由分配已结束
end daily task
*******************************************************************************************
2017-12-28 12:00:01
start daily task
教师选学生起点：2017-12-28
教师选学生起点时间戳：1514390400.0
教师工号：00002206
按绩点高低排列下被选中学生
[[u'2.5241', u'20144229', 428L]]
分配题目数：3
被选题目数：0
 INSERT INTO `app_application_state`(`topic`, `selected_stu_no`, `submit`) VALUES (428,20144229,1)
教师工号：00002223
按绩点高低排列下被选中学生
[[u'3.2865', u'20143973', 394L]]
分配题目数：4
被选题目数：0
 INSERT INTO `app_application_state`(`topic`, `selected_stu_no`, `submit`) VALUES (394,20143973,1)
教师工号：00002239
按绩点高低排列下被选中学生
[[u'3.4095', u'20144198', 571L], [u'2.6984', u'20143965', 572L]]
分配题目数：2
被选题目数：0
 INSERT INTO `app_application_state`(`topic`, `selected_stu_no`, `submit`) VALUES (571,20144198,1)
分配题目数：2
被选题目数：1
 INSERT INTO `app_application_state`(`topic`, `selected_stu_no`, `submit`) VALUES (572,20143965,1)
教师工号：00002267
按绩点高低排列下被选中学生
[[u'2.8427', u'20148458', 258L]]
分配题目数：3
被选题目数：0
 INSERT INTO `app_application_state`(`topic`, `selected_stu_no`, `submit`) VALUES (258,20148458,1)
教师工号：00002276
按绩点高低排列下被选中学生
[[u'2.6441', u'20143938', 552L]]
分配题目数：3
被选题目数：0
 INSERT INTO `app_application_state`(`topic`, `selected_stu_no`, `submit`) VALUES (552,20143938,1)
教师工号：00002278
按绩点高低排列下被选中学生
[[u'2.815', u'20144172', 497L], [u'2.6276', u'20144042', 496L], [u'2.136', u'20144028', 498L]]
分配题目数：3
被选题目数：2
 INSERT INTO `app_application_state`(`topic`, `selected_stu_no`, `submit`) VALUES (497,20144172,1)
分配题目数：3
被选题目数：3
分配题目数：3
被选题目数：3
教师工号：00002293
按绩点高低排列下被选中学生
[[u'4.1654', u'20144140', 548L], [u'2.6807', u'20148454', 547L], [u'2.2518', u'20148457', 550L]]
分配题目数：4
被选题目数：0
 INSERT INTO `app_application_state`(`topic`, `selected_stu_no`, `submit`) VALUES (548,20144140,1)
分配题目数：4
被选题目数：1
 INSERT INTO `app_application_state`(`topic`, `selected_stu_no`, `submit`) VALUES (547,20148454,1)
分配题目数：4
被选题目数：2
 INSERT INTO `app_application_state`(`topic`, `selected_stu_no`, `submit`) VALUES (550,20148457,1)
教师工号：00002447
按绩点高低排列下被选中学生
[[u'2.8295', u'20144487', 237L], [u'2.5029', u'20144341', 238L]]
分配题目数：3
被选题目数：0
 INSERT INTO `app_application_state`(`topic`, `selected_stu_no`, `submit`) VALUES (237,20144487,1)
分配题目数：3
被选题目数：1
 INSERT INTO `app_application_state`(`topic`, `selected_stu_no`, `submit`) VALUES (238,20144341,1)
教师工号：00002465
按绩点高低排列下被选中学生
[[u'3.6702', u'20144258', 530L], [u'3.3047', u'20144056', 531L], [u'2.8088', u'20144261', 529L], [u'2.2939', u'20144076', 528L]]
分配题目数：4
被选题目数：0
 INSERT INTO `app_application_state`(`topic`, `selected_stu_no`, `submit`) VALUES (530,20144258,1)
分配题目数：4
被选题目数：1
 INSERT INTO `app_application_state`(`topic`, `selected_stu_no`, `submit`) VALUES (531,20144056,1)
分配题目数：4
被选题目数：2
 INSERT INTO `app_application_state`(`topic`, `selected_stu_no`, `submit`) VALUES (529,20144261,1)
分配题目数：4
被选题目数：3
 INSERT INTO `app_application_state`(`topic`, `selected_stu_no`, `submit`) VALUES (528,20144076,1)
教师工号：00007303
按绩点高低排列下被选中学生
[[u'4.1636', u'20143982', 667L]]
分配题目数：4
被选题目数：0
 INSERT INTO `app_application_state`(`topic`, `selected_stu_no`, `submit`) VALUES (667,20143982,1)
教师工号：00007348
按绩点高低排列下被选中学生
[[u'3.4475', u'20144934', 246L], [u'3.2153', u'20143944', 247L]]
分配题目数：4
被选题目数：0
 INSERT INTO `app_application_state`(`topic`, `selected_stu_no`, `submit`) VALUES (246,20144934,1)
分配题目数：4
被选题目数：1
 INSERT INTO `app_application_state`(`topic`, `selected_stu_no`, `submit`) VALUES (247,20143944,1)
教师工号：00007411
按绩点高低排列下被选中学生
[[u'4.0089', u'20142930', 664L], [u'3.8042', u'20141256', 663L]]
分配题目数：4
被选题目数：0
 INSERT INTO `app_application_state`(`topic`, `selected_stu_no`, `submit`) VALUES (664,20142930,1)
分配题目数：4
被选题目数：1
 INSERT INTO `app_application_state`(`topic`, `selected_stu_no`, `submit`) VALUES (663,20141256,1)
教师工号：00007412
按绩点高低排列下被选中学生
[[u'3.915', u'20142861', 524L], [u'3.4121', u'20144521', 522L], [u'1.8266', u'20133508', 523L]]
分配题目数：3
被选题目数：0
 INSERT INTO `app_application_state`(`topic`, `selected_stu_no`, `submit`) VALUES (524,20142861,1)
分配题目数：3
被选题目数：1
 INSERT INTO `app_application_state`(`topic`, `selected_stu_no`, `submit`) VALUES (522,20144521,1)
分配题目数：3
被选题目数：2
 INSERT INTO `app_application_state`(`topic`, `selected_stu_no`, `submit`) VALUES (523,20133508,1)
教师工号：00007426
按绩点高低排列下被选中学生
[[u'3.9164', u'20141218', 649L]]
分配题目数：4
被选题目数：0
 INSERT INTO `app_application_state`(`topic`, `selected_stu_no`, `submit`) VALUES (649,20141218,1)
教师工号：00007433
按绩点高低排列下被选中学生
[[u'1.7015', u'20144220', 219L]]
分配题目数：2
被选题目数：0
 INSERT INTO `app_application_state`(`topic`, `selected_stu_no`, `submit`) VALUES (219,20144220,1)
教师工号：00007453
按绩点高低排列下被选中学生
[[u'1.9865', u'20144083', 634L]]
分配题目数：2
被选题目数：0
 INSERT INTO `app_application_state`(`topic`, `selected_stu_no`, `submit`) VALUES (634,20144083,1)
教师工号：00007454
按绩点高低排列下被选中学生
[[u'3.3727', u'20144124', 561L], [u'3.1732', u'20144212', 563L]]
分配题目数：4
被选题目数：0
 INSERT INTO `app_application_state`(`topic`, `selected_stu_no`, `submit`) VALUES (561,20144124,1)
分配题目数：4
被选题目数：1
 INSERT INTO `app_application_state`(`topic`, `selected_stu_no`, `submit`) VALUES (563,20144212,1)
教师工号：00007493
按绩点高低排列下被选中学生
[[u'2.5836', u'20144376', 512L]]
分配题目数：3
被选题目数：1
 INSERT INTO `app_application_state`(`topic`, `selected_stu_no`, `submit`) VALUES (512,20144376,1)
教师工号：00007521
按绩点高低排列下被选中学生
[[u'3.5426', u'20144173', 601L], [u'3.3553', u'20144293', 598L]]
分配题目数：3
被选题目数：1
 INSERT INTO `app_application_state`(`topic`, `selected_stu_no`, `submit`) VALUES (601,20144173,1)
分配题目数：3
被选题目数：2
 INSERT INTO `app_application_state`(`topic`, `selected_stu_no`, `submit`) VALUES (598,20144293,1)
教师工号：00007522
按绩点高低排列下被选中学生
[[u'3.1589', u'20148462', 612L]]
分配题目数：3
被选题目数：3
教师工号：00007533
按绩点高低排列下被选中学生
[[u'3.4502', u'20144107', 211L], [u'2.3572', u'20144133', 210L]]
分配题目数：3
被选题目数：0
 INSERT INTO `app_application_state`(`topic`, `selected_stu_no`, `submit`) VALUES (211,20144107,1)
分配题目数：3
被选题目数：1
 INSERT INTO `app_application_state`(`topic`, `selected_stu_no`, `submit`) VALUES (210,20144133,1)
教师工号：00007542
按绩点高低排列下被选中学生
[[u'2.4504', u'20144282', 487L], [u'1.8664', u'20134223', 488L]]
分配题目数：2
被选题目数：0
 INSERT INTO `app_application_state`(`topic`, `selected_stu_no`, `submit`) VALUES (487,20144282,1)
分配题目数：2
被选题目数：1
 INSERT INTO `app_application_state`(`topic`, `selected_stu_no`, `submit`) VALUES (488,20134223,1)
教师工号：00007558
按绩点高低排列下被选中学生
[[u'3.4493', u'20141361', 544L], [u'3.0784', u'20144246', 545L], [u'2.6224', u'20144134', 543L]]
分配题目数：3
被选题目数：0
 INSERT INTO `app_application_state`(`topic`, `selected_stu_no`, `submit`) VALUES (544,20141361,1)
分配题目数：3
被选题目数：1
 INSERT INTO `app_application_state`(`topic`, `selected_stu_no`, `submit`) VALUES (545,20144246,1)
分配题目数：3
被选题目数：2
 INSERT INTO `app_application_state`(`topic`, `selected_stu_no`, `submit`) VALUES (543,20144134,1)
教师工号：00007560
按绩点高低排列下被选中学生
[[u'3.2969', u'20144269', 502L]]
分配题目数：4
被选题目数：2
 INSERT INTO `app_application_state`(`topic`, `selected_stu_no`, `submit`) VALUES (502,20144269,1)
教师工号：00007569
按绩点高低排列下被选中学生
[[u'3.4901', u'20144196', 329L]]
分配题目数：4
被选题目数：0
 INSERT INTO `app_application_state`(`topic`, `selected_stu_no`, `submit`) VALUES (329,20144196,1)
教师工号：00007712
按绩点高低排列下被选中学生
[[u'3.5038', u'20144256', 387L]]
分配题目数：4
被选题目数：0
 INSERT INTO `app_application_state`(`topic`, `selected_stu_no`, `submit`) VALUES (387,20144256,1)
教师工号：00007720
按绩点高低排列下被选中学生
[[u'2.9654', u'20144094', 482L], [u'2.8388', u'20144036', 480L]]
分配题目数：3
被选题目数：3
分配题目数：3
被选题目数：3
教师工号：00007733
按绩点高低排列下被选中学生
[[u'2.7418', u'20148461', 112L]]
分配题目数：3
被选题目数：0
 INSERT INTO `app_application_state`(`topic`, `selected_stu_no`, `submit`) VALUES (112,20148461,1)
教师工号：00007746
按绩点高低排列下被选中学生
[[u'4.0237', u'20144240', 244L], [u'3.4772', u'20144267', 242L], [u'3.3745', u'20144201', 245L], [u'3.3587', u'20145129', 241L]]
分配题目数：4
被选题目数：0
 INSERT INTO `app_application_state`(`topic`, `selected_stu_no`, `submit`) VALUES (244,20144240,1)
分配题目数：4
被选题目数：1
 INSERT INTO `app_application_state`(`topic`, `selected_stu_no`, `submit`) VALUES (242,20144267,1)
分配题目数：4
被选题目数：2
 INSERT INTO `app_application_state`(`topic`, `selected_stu_no`, `submit`) VALUES (245,20144201,1)
分配题目数：4
被选题目数：3
 INSERT INTO `app_application_state`(`topic`, `selected_stu_no`, `submit`) VALUES (241,20145129,1)
教师工号：00007747
按绩点高低排列下被选中学生
[[u'2.7821', u'20144236', 301L]]
分配题目数：4
被选题目数：3
 INSERT INTO `app_application_state`(`topic`, `selected_stu_no`, `submit`) VALUES (301,20144236,1)
教师工号：00007815
按绩点高低排列下被选中学生
[[u'2.8123', u'20143945', 191L]]
分配题目数：3
被选题目数：3
教师工号：00007855
按绩点高低排列下被选中学生
[[u'2.2707', u'20148469', 660L]]
分配题目数：3
被选题目数：2
 INSERT INTO `app_application_state`(`topic`, `selected_stu_no`, `submit`) VALUES (660,20148469,1)
教师工号：00007875
按绩点高低排列下被选中学生
[[u'2.2568', u'20144004', 136L]]
分配题目数：4
被选题目数：3
 INSERT INTO `app_application_state`(`topic`, `selected_stu_no`, `submit`) VALUES (136,20144004,1)
教师工号：00007890
按绩点高低排列下被选中学生
[[u'3.1096', u'20144233', 108L]]
分配题目数：4
被选题目数：4
教师工号：00009289
按绩点高低排列下被选中学生
[[u'3.3501', u'20144110', 404L]]
分配题目数：3
被选题目数：3
教师工号：00009291
按绩点高低排列下被选中学生
[[u'3.9032', u'20144096', 121L], [u'3.6545', u'20143113', 122L]]
分配题目数：4
被选题目数：0
 INSERT INTO `app_application_state`(`topic`, `selected_stu_no`, `submit`) VALUES (121,20144096,1)
分配题目数：4
被选题目数：1
 INSERT INTO `app_application_state`(`topic`, `selected_stu_no`, `submit`) VALUES (122,20143113,1)
教师工号：00009900
按绩点高低排列下被选中学生
[[u'2.0995', u'20144029', 620L]]
分配题目数：3
被选题目数：0
 INSERT INTO `app_application_state`(`topic`, `selected_stu_no`, `submit`) VALUES (620,20144029,1)
教师工号：00009912
按绩点高低排列下被选中学生
[[u'3.6282', u'20144264', 93L], [u'3.1948', u'20144234', 92L], [u'2.2162', u'20144188', 91L]]
分配题目数：3
被选题目数：0
 INSERT INTO `app_application_state`(`topic`, `selected_stu_no`, `submit`) VALUES (93,20144264,1)
分配题目数：3
被选题目数：1
 INSERT INTO `app_application_state`(`topic`, `selected_stu_no`, `submit`) VALUES (92,20144234,1)
分配题目数：3
被选题目数：2
 INSERT INTO `app_application_state`(`topic`, `selected_stu_no`, `submit`) VALUES (91,20144188,1)
教师工号：00009954
按绩点高低排列下被选中学生
[[u'2.9104', u'20144202', 31L]]
分配题目数：3
被选题目数：0
 INSERT INTO `app_application_state`(`topic`, `selected_stu_no`, `submit`) VALUES (31,20144202,1)
教师工号：00009959
按绩点高低排列下被选中学生
[[u'2.2691', u'20144088', 646L]]
分配题目数：3
被选题目数：0
 INSERT INTO `app_application_state`(`topic`, `selected_stu_no`, `submit`) VALUES (646,20144088,1)
教师工号：00040581
按绩点高低排列下被选中学生
[[u'3.9629', u'20141805', 444L], [u'3.3115', u'20144080', 443L], [u'3.1007', u'20144119', 442L], [u'2.7894', u'20144050', 441L]]
分配题目数：3
被选题目数：0
 INSERT INTO `app_application_state`(`topic`, `selected_stu_no`, `submit`) VALUES (444,20141805,1)
分配题目数：3
被选题目数：1
 INSERT INTO `app_application_state`(`topic`, `selected_stu_no`, `submit`) VALUES (443,20144080,1)
分配题目数：3
被选题目数：2
 INSERT INTO `app_application_state`(`topic`, `selected_stu_no`, `submit`) VALUES (442,20144119,1)
分配题目数：3
被选题目数：3
教师工号：00080188
按绩点高低排列下被选中学生
[[u'3.017', u'20148446', 324L], [u'2.9433', u'20148447', 325L], [u'2.42', u'20148440', 326L]]
分配题目数：3
被选题目数：0
 INSERT INTO `app_application_state`(`topic`, `selected_stu_no`, `submit`) VALUES (324,20148446,1)
分配题目数：3
被选题目数：1
 INSERT INTO `app_application_state`(`topic`, `selected_stu_no`, `submit`) VALUES (325,20148447,1)
分配题目数：3
被选题目数：2
 INSERT INTO `app_application_state`(`topic`, `selected_stu_no`, `submit`) VALUES (326,20148440,1)
教师工号：00080265
按绩点高低排列下被选中学生
[[u'2.9952', u'20144248', 376L], [u'2.6427', u'20144151', 377L]]
分配题目数：3
被选题目数：0
 INSERT INTO `app_application_state`(`topic`, `selected_stu_no`, `submit`) VALUES (376,20144248,1)
分配题目数：3
被选题目数：1
 INSERT INTO `app_application_state`(`topic`, `selected_stu_no`, `submit`) VALUES (377,20144151,1)
教师工号：10010014
按绩点高低排列下被选中学生
[[u'2.9807', u'20144089', 636L]]
分配题目数：2
被选题目数：0
 INSERT INTO `app_application_state`(`topic`, `selected_stu_no`, `submit`) VALUES (636,20144089,1)
第1志愿被分配
end daily task
*******************************************************************************************
2017-12-28 13:00:01
start daily task
教师选学生起点：2017-12-28
教师选学生起点时间戳：1514390400.0
教师工号：00001232
按绩点高低排列下被选中学生
[]
教师工号：00002096
按绩点高低排列下被选中学生
[[u'2.5819', u'20144062', 309L]]
分配题目数：4
被选题目数：2
 INSERT INTO `app_application_state`(`topic`, `selected_stu_no`, `submit`) VALUES (309,20144062,1)
教师工号：00002210
按绩点高低排列下被选中学生
[[u'2.2687', u'20148476', 188L]]
分配题目数：3
被选题目数：1
 INSERT INTO `app_application_state`(`topic`, `selected_stu_no`, `submit`) VALUES (188,20148476,1)
教师工号：00002245
按绩点高低排列下被选中学生
[]
教师工号：00002256
按绩点高低排列下被选中学生
[[u'2.2541', u'20148471', 166L]]
分配题目数：4
被选题目数：0
 INSERT INTO `app_application_state`(`topic`, `selected_stu_no`, `submit`) VALUES (166,20148471,1)
教师工号：00002267
按绩点高低排列下被选中学生
[[u'1.1948', u'20134173', 261L]]
分配题目数：3
被选题目数：1
 INSERT INTO `app_application_state`(`topic`, `selected_stu_no`, `submit`) VALUES (261,20134173,1)
教师工号：00002277
按绩点高低排列下被选中学生
[]
教师工号：00002278
按绩点高低排列下被选中学生
[[u'2.7503', u'20143971', 498L], [u'2.6541', u'20144154', 496L]]
分配题目数：3
被选题目数：3
分配题目数：3
被选题目数：3
教师工号：00002293
按绩点高低排列下被选中学生
[[u'2.2306', u'20148464', 549L]]
分配题目数：4
被选题目数：3
 INSERT INTO `app_application_state`(`topic`, `selected_stu_no`, `submit`) VALUES (549,20148464,1)
教师工号：00002447
按绩点高低排列下被选中学生
[]
教师工号：00007303
按绩点高低排列下被选中学生
[[u'2.7235', u'20143951', 669L]]
分配题目数：4
被选题目数：1
 INSERT INTO `app_application_state`(`topic`, `selected_stu_no`, `submit`) VALUES (669,20143951,1)
教师工号：00007403
按绩点高低排列下被选中学生
[]
教师工号：00007409
按绩点高低排列下被选中学生
[]
教师工号：00007419
按绩点高低排列下被选中学生
[]
教师工号：00007433
按绩点高低排列下被选中学生
[[u'1.9509', u'20144084', 218L]]
分配题目数：2
被选题目数：1
 INSERT INTO `app_application_state`(`topic`, `selected_stu_no`, `submit`) VALUES (218,20144084,1)
教师工号：00007434
按绩点高低排列下被选中学生
[[u'2.8388', u'20144036', 362L]]
分配题目数：4
被选题目数：3
 INSERT INTO `app_application_state`(`topic`, `selected_stu_no`, `submit`) VALUES (362,20144036,1)
教师工号：00007454
按绩点高低排列下被选中学生
[]
教师工号：00007467
按绩点高低排列下被选中学生
[]
教师工号：00007471
按绩点高低排列下被选中学生
[]
教师工号：00007479
按绩点高低排列下被选中学生
[[u'2.4323', u'20148468', 370L]]
分配题目数：4
被选题目数：0
 INSERT INTO `app_application_state`(`topic`, `selected_stu_no`, `submit`) VALUES (370,20148468,1)
教师工号：00007493
按绩点高低排列下被选中学生
[[u'2.3035', u'20144348', 514L]]
分配题目数：3
被选题目数：2
 INSERT INTO `app_application_state`(`topic`, `selected_stu_no`, `submit`) VALUES (514,20144348,1)
教师工号：00007494
按绩点高低排列下被选中学生
[]
教师工号：00007515
按绩点高低排列下被选中学生
[]
教师工号：00007530
按绩点高低排列下被选中学生
[]
教师工号：00007533
按绩点高低排列下被选中学生
[[u'3.2547', u'20144125', 213L]]
分配题目数：3
被选题目数：2
 INSERT INTO `app_application_state`(`topic`, `selected_stu_no`, `submit`) VALUES (213,20144125,1)
教师工号：00007537
按绩点高低排列下被选中学生
[[u'1.2763', u'20133543', 69L]]
分配题目数：3
被选题目数：0
 INSERT INTO `app_application_state`(`topic`, `selected_stu_no`, `submit`) VALUES (69,20133543,1)
教师工号：00007538
按绩点高低排列下被选中学生
[[u'2.3684', u'20144333', 73L], [u'1.9639', u'20144385', 72L]]
分配题目数：3
被选题目数：1
 INSERT INTO `app_application_state`(`topic`, `selected_stu_no`, `submit`) VALUES (73,20144333,1)
分配题目数：3
被选题目数：2
 INSERT INTO `app_application_state`(`topic`, `selected_stu_no`, `submit`) VALUES (72,20144385,1)
教师工号：00007544
按绩点高低排列下被选中学生
[[u'2.1731', u'20148463', 540L]]
分配题目数：3
被选题目数：1
 INSERT INTO `app_application_state`(`topic`, `selected_stu_no`, `submit`) VALUES (540,20148463,1)
教师工号：00007545
按绩点高低排列下被选中学生
[[u'3.1857', u'20143968', 173L]]
分配题目数：4
被选题目数：4
教师工号：00007549
按绩点高低排列下被选中学生
[[u'2.6818', u'20143981', 118L]]
分配题目数：4
被选题目数：3
 INSERT INTO `app_application_state`(`topic`, `selected_stu_no`, `submit`) VALUES (118,20143981,1)
教师工号：00007558
按绩点高低排列下被选中学生
[]
教师工号：00007561
按绩点高低排列下被选中学生
[[u'2.9713', u'20143980', 125L]]
分配题目数：4
被选题目数：3
 INSERT INTO `app_application_state`(`topic`, `selected_stu_no`, `submit`) VALUES (125,20143980,1)
教师工号：00007569
按绩点高低排列下被选中学生
[]
教师工号：00007570
按绩点高低排列下被选中学生
[[u'2.3374', u'20148452', 16L]]
分配题目数：3
被选题目数：0
 INSERT INTO `app_application_state`(`topic`, `selected_stu_no`, `submit`) VALUES (16,20148452,1)
教师工号：00007571
按绩点高低排列下被选中学生
[]
教师工号：00007575
按绩点高低排列下被选中学生
[]
教师工号：00007597
按绩点高低排列下被选中学生
[[u'3.1096', u'20144233', 351L]]
分配题目数：4
被选题目数：3
 INSERT INTO `app_application_state`(`topic`, `selected_stu_no`, `submit`) VALUES (351,20144233,1)
教师工号：00007598
按绩点高低排列下被选中学生
[]
教师工号：00007720
按绩点高低排列下被选中学生
[[u'2.4756', u'20144055', 482L]]
分配题目数：3
被选题目数：3
教师工号：00007733
按绩点高低排列下被选中学生
[]
教师工号：00007738
按绩点高低排列下被选中学生
[[u'2.8673', u'20143947', 602L]]
分配题目数：3
被选题目数：0
 INSERT INTO `app_application_state`(`topic`, `selected_stu_no`, `submit`) VALUES (602,20143947,1)
教师工号：00007746
按绩点高低排列下被选中学生
[[u'3.2169', u'20141208', 243L]]
分配题目数：4
被选题目数：4
教师工号：00007747
按绩点高低排列下被选中学生
[[u'2.2837', u'20144289', 299L]]
分配题目数：4
被选题目数：4
教师工号：00007748
按绩点高低排列下被选中学生
[[u'2.53', u'20148442', 305L]]
分配题目数：4
被选题目数：2
 INSERT INTO `app_application_state`(`topic`, `selected_stu_no`, `submit`) VALUES (305,20148442,1)
教师工号：00007788
按绩点高低排列下被选中学生
[[u'2.881', u'20144091', 216L]]
分配题目数：4
被选题目数：2
 INSERT INTO `app_application_state`(`topic`, `selected_stu_no`, `submit`) VALUES (216,20144091,1)
教师工号：00007807
按绩点高低排列下被选中学生
[[u'2.564', u'20144165', 423L]]
分配题目数：2
被选题目数：0
 INSERT INTO `app_application_state`(`topic`, `selected_stu_no`, `submit`) VALUES (423,20144165,1)
教师工号：00007812
按绩点高低排列下被选中学生
[]
教师工号：00007815
按绩点高低排列下被选中学生
[[u'3.8786', u'20142354', 191L]]
分配题目数：3
被选题目数：3
教师工号：00007818
按绩点高低排列下被选中学生
[]
教师工号：00007826
按绩点高低排列下被选中学生
[]
教师工号：00007839
按绩点高低排列下被选中学生
[[u'2.7367', u'20148436', 570L]]
分配题目数：3
被选题目数：0
 INSERT INTO `app_application_state`(`topic`, `selected_stu_no`, `submit`) VALUES (570,20148436,1)
教师工号：00007855
按绩点高低排列下被选中学生
[]
教师工号：00007865
按绩点高低排列下被选中学生
[[u'2.8101', u'20148449', 27L]]
分配题目数：3
被选题目数：0
 INSERT INTO `app_application_state`(`topic`, `selected_stu_no`, `submit`) VALUES (27,20148449,1)
教师工号：00007875
按绩点高低排列下被选中学生
[[u'2.8123', u'20143945', 138L]]
分配题目数：4
被选题目数：4
教师工号：00007885
按绩点高低排列下被选中学生
[[u'3.065', u'20144247', 64L]]
分配题目数：4
被选题目数：3
 INSERT INTO `app_application_state`(`topic`, `selected_stu_no`, `submit`) VALUES (64,20144247,1)
教师工号：00007887
按绩点高低排列下被选中学生
[]
教师工号：00007890
按绩点高低排列下被选中学生
[[u'2.657', u'20144135', 108L]]
分配题目数：4
被选题目数：4
教师工号：00007898
按绩点高低排列下被选中学生
[[u'3.6221', u'20143932', 154L]]
分配题目数：3
被选题目数：3
教师工号：00008423
按绩点高低排列下被选中学生
[]
教师工号：00009289
按绩点高低排列下被选中学生
[]
教师工号：00009291
按绩点高低排列下被选中学生
[[u'3.0292', u'20144014', 123L]]
分配题目数：4
被选题目数：2
 INSERT INTO `app_application_state`(`topic`, `selected_stu_no`, `submit`) VALUES (123,20144014,1)
教师工号：00009319
按绩点高低排列下被选中学生
[]
教师工号：00009501
按绩点高低排列下被选中学生
[]
教师工号：00009511
按绩点高低排列下被选中学生
[[u'2.3698', u'20144406', 289L]]
分配题目数：3
被选题目数：1
 INSERT INTO `app_application_state`(`topic`, `selected_stu_no`, `submit`) VALUES (289,20144406,1)
教师工号：00009911
按绩点高低排列下被选中学生
[[u'2.4342', u'20144160', 507L], [u'2.0831', u'20144118', 509L]]
分配题目数：2
被选题目数：2
分配题目数：2
被选题目数：2
教师工号：00009926
按绩点高低排列下被选中学生
[]
教师工号：00009928
按绩点高低排列下被选中学生
[]
教师工号：00009943
按绩点高低排列下被选中学生
[]
教师工号：00009947
按绩点高低排列下被选中学生
[]
教师工号：00009948
按绩点高低排列下被选中学生
[]
教师工号：00009954
按绩点高低排列下被选中学生
[]
教师工号：00009956
按绩点高低排列下被选中学生
[]
教师工号：00009959
按绩点高低排列下被选中学生
[[u'1.512', u'20134147', 647L]]
分配题目数：3
被选题目数：1
 INSERT INTO `app_application_state`(`topic`, `selected_stu_no`, `submit`) VALUES (647,20134147,1)
教师工号：00040581
按绩点高低排列下被选中学生
[[u'3.5856', u'20144123', 441L]]
分配题目数：3
被选题目数：3
教师工号：00040587
按绩点高低排列下被选中学生
[]
教师工号：00040589
按绩点高低排列下被选中学生
[[u'2.6864', u'20148438', 613L]]
分配题目数：3
被选题目数：1
 INSERT INTO `app_application_state`(`topic`, `selected_stu_no`, `submit`) VALUES (613,20148438,1)
教师工号：00040597
按绩点高低排列下被选中学生
[]
教师工号：00080260
按绩点高低排列下被选中学生
[]
教师工号：00080268
按绩点高低排列下被选中学生
[]
教师工号：10010012
按绩点高低排列下被选中学生
[]
第2志愿被分配
end daily task
*******************************************************************************************
2017-12-28 14:00:01
start daily task
教师选学生起点：2017-12-28
教师选学生起点时间戳：1514390400.0
教师工号：00002223
按绩点高低排列下被选中学生
[[u'2.5565', u'20148473', 396L]]
分配题目数：4
被选题目数：1
 INSERT INTO `app_application_state`(`topic`, `selected_stu_no`, `submit`) VALUES (396,20148473,1)
教师工号：00002225
按绩点高低排列下被选中学生
[]
教师工号：00002245
按绩点高低排列下被选中学生
[[u'3.5054', u'20144271', 267L], [u'2.4994', u'20144262', 268L]]
分配题目数：4
被选题目数：2
 INSERT INTO `app_application_state`(`topic`, `selected_stu_no`, `submit`) VALUES (267,20144271,1)
分配题目数：4
被选题目数：3
 INSERT INTO `app_application_state`(`topic`, `selected_stu_no`, `submit`) VALUES (268,20144262,1)
教师工号：00002256
按绩点高低排列下被选中学生
[[u'1.3009', u'20124157', 167L]]
分配题目数：4
被选题目数：1
 INSERT INTO `app_application_state`(`topic`, `selected_stu_no`, `submit`) VALUES (167,20124157,1)
教师工号：00002276
按绩点高低排列下被选中学生
[[u'3.2049', u'20144085', 553L]]
分配题目数：3
被选题目数：1
 INSERT INTO `app_application_state`(`topic`, `selected_stu_no`, `submit`) VALUES (553,20144085,1)
教师工号：00002277
按绩点高低排列下被选中学生
[[u'2.9384', u'20144106', 262L]]
分配题目数：3
被选题目数：1
 INSERT INTO `app_application_state`(`topic`, `selected_stu_no`, `submit`) VALUES (262,20144106,1)
教师工号：00002278
按绩点高低排列下被选中学生
[[u'1.7776', u'20144299', 498L]]
分配题目数：3
被选题目数：3
教师工号：00002447
按绩点高低排列下被选中学生
[[u'3.0169', u'20144481', 235L]]
分配题目数：3
被选题目数：2
 INSERT INTO `app_application_state`(`topic`, `selected_stu_no`, `submit`) VALUES (235,20144481,1)
教师工号：00003854
按绩点高低排列下被选中学生
[[u'3.6221', u'20143932', 364L]]
分配题目数：4
被选题目数：3
 INSERT INTO `app_application_state`(`topic`, `selected_stu_no`, `submit`) VALUES (364,20143932,1)
教师工号：00007348
按绩点高低排列下被选中学生
[[u'2.6309', u'20144159', 248L]]
分配题目数：4
被选题目数：2
 INSERT INTO `app_application_state`(`topic`, `selected_stu_no`, `submit`) VALUES (248,20144159,1)
教师工号：00007403
按绩点高低排列下被选中学生
[[u'3.5734', u'20144147', 145L]]
分配题目数：4
被选题目数：4
教师工号：00007409
按绩点高低排列下被选中学生
[[u'3.013', u'20144156', 518L]]
分配题目数：4
被选题目数：2
 INSERT INTO `app_application_state`(`topic`, `selected_stu_no`, `submit`) VALUES (518,20144156,1)
教师工号：00007416
按绩点高低排列下被选中学生
[]
教师工号：00007419
按绩点高低排列下被选中学生
[]
教师工号：00007427
按绩点高低排列下被选中学生
[]
教师工号：00007467
按绩点高低排列下被选中学生
[]
教师工号：00007471
按绩点高低排列下被选中学生
[]
教师工号：00007479
按绩点高低排列下被选中学生
[[u'2.5891', u'20144276', 369L]]
分配题目数：4
被选题目数：1
 INSERT INTO `app_application_state`(`topic`, `selected_stu_no`, `submit`) VALUES (369,20144276,1)
教师工号：00007520
按绩点高低排列下被选中学生
[]
教师工号：00007522
按绩点高低排列下被选中学生
[[u'2.7894', u'20144050', 612L]]
分配题目数：3
被选题目数：3
教师工号：00007529
按绩点高低排列下被选中学生
[[u'3.0299', u'20144292', 323L]]
分配题目数：4
被选题目数：0
 INSERT INTO `app_application_state`(`topic`, `selected_stu_no`, `submit`) VALUES (323,20144292,1)
教师工号：00007537
按绩点高低排列下被选中学生
[]
教师工号：00007541
按绩点高低排列下被选中学生
[]
教师工号：00007545
按绩点高低排列下被选中学生
[[u'3.4359', u'20144174', 173L], [u'2.8123', u'20143945', 170L]]
分配题目数：4
被选题目数：4
分配题目数：4
被选题目数：4
教师工号：00007558
按绩点高低排列下被选中学生
[[u'3.1909', u'20144192', 542L]]
分配题目数：3
被选题目数：3
教师工号：00007561
按绩点高低排列下被选中学生
[]
教师工号：00007569
按绩点高低排列下被选中学生
[[u'2.6407', u'20143937', 328L]]
分配题目数：4
被选题目数：1
 INSERT INTO `app_application_state`(`topic`, `selected_stu_no`, `submit`) VALUES (328,20143937,1)
教师工号：00007571
按绩点高低排列下被选中学生
[]
教师工号：00007575
按绩点高低排列下被选中学生
[[u'3.187', u'20144060', 519L]]
分配题目数：3
被选题目数：2
 INSERT INTO `app_application_state`(`topic`, `selected_stu_no`, `submit`) VALUES (519,20144060,1)
教师工号：00007580
按绩点高低排列下被选中学生
[]
教师工号：00007595
按绩点高低排列下被选中学生
[[u'2.7768', u'20144249', 463L]]
分配题目数：4
被选题目数：0
 INSERT INTO `app_application_state`(`topic`, `selected_stu_no`, `submit`) VALUES (463,20144249,1)
教师工号：00007707
按绩点高低排列下被选中学生
[[u'2.098', u'20148465', 230L]]
分配题目数：3
被选题目数：0
 INSERT INTO `app_application_state`(`topic`, `selected_stu_no`, `submit`) VALUES (230,20148465,1)
教师工号：00007712
按绩点高低排列下被选中学生
[[u'2.8539', u'20144285', 385L]]
分配题目数：4
被选题目数：1
 INSERT INTO `app_application_state`(`topic`, `selected_stu_no`, `submit`) VALUES (385,20144285,1)
教师工号：00007720
按绩点高低排列下被选中学生
[[u'1.961', u'20143991', 480L]]
分配题目数：3
被选题目数：3
教师工号：00007733
按绩点高低排列下被选中学生
[]
教师工号：00007738
按绩点高低排列下被选中学生
[]
教师工号：00007746
按绩点高低排列下被选中学生
[[u'3.3406', u'20144273', 243L]]
分配题目数：4
被选题目数：4
教师工号：00007748
按绩点高低排列下被选中学生
[[u'2.4639', u'20143570', 303L]]
分配题目数：4
被选题目数：3
 INSERT INTO `app_application_state`(`topic`, `selected_stu_no`, `submit`) VALUES (303,20143570,1)
教师工号：00007788
按绩点高低排列下被选中学生
[[u'3.8658', u'20141575', 217L]]
分配题目数：4
被选题目数：3
 INSERT INTO `app_application_state`(`topic`, `selected_stu_no`, `submit`) VALUES (217,20141575,1)
教师工号：00007812
按绩点高低排列下被选中学生
[]
教师工号：00007815
按绩点高低排列下被选中学生
[]
教师工号：00007816
按绩点高低排列下被选中学生
[[u'2.9805', u'20144238', 156L]]
分配题目数：4
被选题目数：1
 INSERT INTO `app_application_state`(`topic`, `selected_stu_no`, `submit`) VALUES (156,20144238,1)
教师工号：00007818
按绩点高低排列下被选中学生
[]
教师工号：00007826
按绩点高低排列下被选中学生
[]
教师工号：00007829
按绩点高低排列下被选中学生
[]
教师工号：00007855
按绩点高低排列下被选中学生
[]
教师工号：00007875
按绩点高低排列下被选中学生
[]
教师工号：00007890
按绩点高低排列下被选中学生
[[u'3.8033', u'20143527', 108L], [u'2.657', u'20144135', 106L]]
分配题目数：4
被选题目数：4
分配题目数：4
被选题目数：4
教师工号：00007898
按绩点高低排列下被选中学生
[[u'2.9821', u'20144047', 154L]]
分配题目数：3
被选题目数：3
教师工号：00008423
按绩点高低排列下被选中学生
[[u'1.7215', u'20134091', 433L]]
分配题目数：2
被选题目数：0
 INSERT INTO `app_application_state`(`topic`, `selected_stu_no`, `submit`) VALUES (433,20134091,1)
教师工号：00009501
按绩点高低排列下被选中学生
[]
教师工号：00009511
按绩点高低排列下被选中学生
[]
教师工号：00009911
按绩点高低排列下被选中学生
[]
教师工号：00009926
按绩点高低排列下被选中学生
[]
教师工号：00009929
按绩点高低排列下被选中学生
[[u'1.5492', u'20144068', 222L]]
分配题目数：3
被选题目数：1
 INSERT INTO `app_application_state`(`topic`, `selected_stu_no`, `submit`) VALUES (222,20144068,1)
教师工号：00009935
按绩点高低排列下被选中学生
[[u'3.4004', u'20143958', 14L]]
分配题目数：4
被选题目数：2
 INSERT INTO `app_application_state`(`topic`, `selected_stu_no`, `submit`) VALUES (14,20143958,1)
教师工号：00009936
按绩点高低排列下被选中学生
[]
教师工号：00009941
按绩点高低排列下被选中学生
[[u'3.2436', u'20144126', 557L]]
分配题目数：4
被选题目数：2
 INSERT INTO `app_application_state`(`topic`, `selected_stu_no`, `submit`) VALUES (557,20144126,1)
教师工号：00009943
按绩点高低排列下被选中学生
[[u'2.0913', u'20144189', 504L]]
分配题目数：2
被选题目数：1
 INSERT INTO `app_application_state`(`topic`, `selected_stu_no`, `submit`) VALUES (504,20144189,1)
教师工号：00009947
按绩点高低排列下被选中学生
[]
教师工号：00009948
按绩点高低排列下被选中学生
[]
教师工号：00009956
按绩点高低排列下被选中学生
[]
教师工号：00040581
按绩点高低排列下被选中学生
[]
教师工号：00040587
按绩点高低排列下被选中学生
[]
教师工号：00040597
按绩点高低排列下被选中学生
[]
教师工号：00080210
按绩点高低排列下被选中学生
[]
教师工号：00080268
按绩点高低排列下被选中学生
[]
教师工号：00080269
按绩点高低排列下被选中学生
[[u'2.7954', u'20148466', 458L]]
分配题目数：3
被选题目数：0
 INSERT INTO `app_application_state`(`topic`, `selected_stu_no`, `submit`) VALUES (458,20148466,1)
教师工号：10010007
按绩点高低排列下被选中学生
[]
教师工号：10010019
按绩点高低排列下被选中学生
[]
教师工号：10010021
按绩点高低排列下被选中学生
[]
教师工号：10010028
按绩点高低排列下被选中学生
[]
第3志愿被分配
end daily task
*******************************************************************************************
2017-12-28 15:00:01
start daily task
教师选学生起点：2017-12-28
教师选学生起点时间戳：1514390400.0
教师工号：00002048
按绩点高低排列下被选中学生
[]
教师工号：00002225
按绩点高低排列下被选中学生
[]
教师工号：00002256
按绩点高低排列下被选中学生
[]
教师工号：00002278
按绩点高低排列下被选中学生
[[u'2.6541', u'20144154', 498L]]
分配题目数：3
被选题目数：3
教师工号：00007303
按绩点高低排列下被选中学生
[]
教师工号：00007416
按绩点高低排列下被选中学生
[[u'2.3352', u'20144178', 623L]]
分配题目数：3
被选题目数：0
 INSERT INTO `app_application_state`(`topic`, `selected_stu_no`, `submit`) VALUES (623,20144178,1)
教师工号：00007426
按绩点高低排列下被选中学生
[[u'2.579', u'20144090', 651L], [u'2.136', u'20144028', 652L]]
分配题目数：4
被选题目数：1
 INSERT INTO `app_application_state`(`topic`, `selected_stu_no`, `submit`) VALUES (651,20144090,1)
分配题目数：4
被选题目数：2
 INSERT INTO `app_application_state`(`topic`, `selected_stu_no`, `submit`) VALUES (652,20144028,1)
教师工号：00007438
按绩点高低排列下被选中学生
[[u'1.6318', u'20134106', 637L]]
分配题目数：2
被选题目数：0
 INSERT INTO `app_application_state`(`topic`, `selected_stu_no`, `submit`) VALUES (637,20134106,1)
教师工号：00007467
按绩点高低排列下被选中学生
[]
教师工号：00007495
按绩点高低排列下被选中学生
[[u'1.9511', u'20148445', 477L]]
分配题目数：3
被选题目数：2
 INSERT INTO `app_application_state`(`topic`, `selected_stu_no`, `submit`) VALUES (477,20148445,1)
教师工号：00007496
按绩点高低排列下被选中学生
[]
教师工号：00007515
按绩点高低排列下被选中学生
[]
教师工号：00007520
按绩点高低排列下被选中学生
[]
教师工号：00007530
按绩点高低排列下被选中学生
[]
教师工号：00007545
按绩点高低排列下被选中学生
[[u'3.8033', u'20143527', 173L], [u'3.4359', u'20144174', 170L]]
分配题目数：4
被选题目数：4
分配题目数：4
被选题目数：4
教师工号：00007558
按绩点高低排列下被选中学生
[]
教师工号：00007560
按绩点高低排列下被选中学生
[[u'1.7278', u'20144251', 501L]]
分配题目数：4
被选题目数：3
 INSERT INTO `app_application_state`(`topic`, `selected_stu_no`, `submit`) VALUES (501,20144251,1)
教师工号：00007561
按绩点高低排列下被选中学生
[[u'2.309', u'20148470', 126L]]
分配题目数：4
被选题目数：4
教师工号：00007571
按绩点高低排列下被选中学生
[]
教师工号：00007576
按绩点高低排列下被选中学生
[[u'2.4756', u'20144055', 7L]]
分配题目数：4
被选题目数：1
 INSERT INTO `app_application_state`(`topic`, `selected_stu_no`, `submit`) VALUES (7,20144055,1)
教师工号：00007580
按绩点高低排列下被选中学生
[]
教师工号：00007594
按绩点高低排列下被选中学生
[]
教师工号：00007595
按绩点高低排列下被选中学生
[[u'3.5734', u'20144147', 461L]]
分配题目数：4
被选题目数：1
 INSERT INTO `app_application_state`(`topic`, `selected_stu_no`, `submit`) VALUES (461,20144147,1)
教师工号：00007598
按绩点高低排列下被选中学生
[]
教师工号：00007720
按绩点高低排列下被选中学生
[[u'2.2016', u'20148486', 482L]]
分配题目数：3
被选题目数：3
教师工号：00007733
按绩点高低排列下被选中学生
[]
教师工号：00007738
按绩点高低排列下被选中学生
[]
教师工号：00007749
按绩点高低排列下被选中学生
[]
教师工号：00007791
按绩点高低排列下被选中学生
[]
教师工号：00007815
按绩点高低排列下被选中学生
[[u'3.5064', u'20144017', 191L], [u'3.376', u'20144019', 190L]]
分配题目数：3
被选题目数：3
分配题目数：3
被选题目数：3
教师工号：00007818
按绩点高低排列下被选中学生
[]
教师工号：00007830
按绩点高低排列下被选中学生
[]
教师工号：00007855
按绩点高低排列下被选中学生
[[u'3.0973', u'20144018', 657L]]
分配题目数：3
被选题目数：3
教师工号：00007865
按绩点高低排列下被选中学生
[[u'2.1593', u'20148451', 25L]]
分配题目数：3
被选题目数：1
 INSERT INTO `app_application_state`(`topic`, `selected_stu_no`, `submit`) VALUES (25,20148451,1)
教师工号：00007875
按绩点高低排列下被选中学生
[[u'3.2979', u'20144109', 137L], [u'2.1749', u'20144287', 138L]]
分配题目数：4
被选题目数：4
分配题目数：4
被选题目数：4
教师工号：00007890
按绩点高低排列下被选中学生
[]
教师工号：00007898
按绩点高低排列下被选中学生
[]
教师工号：00009289
按绩点高低排列下被选中学生
[]
教师工号：00009501
按绩点高低排列下被选中学生
[]
教师工号：00009911
按绩点高低排列下被选中学生
[[u'1.3426', u'20134095', 507L]]
分配题目数：2
被选题目数：2
教师工号：00009928
按绩点高低排列下被选中学生
[]
教师工号：00009935
按绩点高低排列下被选中学生
[]
教师工号：00009948
按绩点高低排列下被选中学生
[]
教师工号：00009955
按绩点高低排列下被选中学生
[]
教师工号：00009959
按绩点高低排列下被选中学生
[]
教师工号：00009963
按绩点高低排列下被选中学生
[]
教师工号：00040581
按绩点高低排列下被选中学生
[[u'3.0548', u'20144221', 441L]]
分配题目数：3
被选题目数：3
教师工号：00040589
按绩点高低排列下被选中学生
[]
教师工号：00080210
按绩点高低排列下被选中学生
[[u'2.0878', u'20148467', 578L]]
分配题目数：3
被选题目数：0
 INSERT INTO `app_application_state`(`topic`, `selected_stu_no`, `submit`) VALUES (578,20148467,1)
教师工号：00080260
按绩点高低排列下被选中学生
[]
教师工号：00080268
按绩点高低排列下被选中学生
[]
教师工号：00080290
按绩点高低排列下被选中学生
[[u'1.5372', u'20134270', 584L]]
分配题目数：2
被选题目数：1
 INSERT INTO `app_application_state`(`topic`, `selected_stu_no`, `submit`) VALUES (584,20134270,1)
教师工号：10010012
按绩点高低排列下被选中学生
[]
教师工号：10010013
按绩点高低排列下被选中学生
[[u'2.5846', u'20144209', 555L]]
分配题目数：2
被选题目数：0
 INSERT INTO `app_application_state`(`topic`, `selected_stu_no`, `submit`) VALUES (555,20144209,1)
教师工号：10010017
按绩点高低排列下被选中学生
[]
教师工号：10010018
按绩点高低排列下被选中学生
[]
第4志愿被分配
end daily task
*******************************************************************************************
2017-12-28 16:00:02
start daily task
教师选学生起点：2017-12-28
教师选学生起点时间戳：1514390400.0
教师工号：00002048
按绩点高低排列下被选中学生
[]
教师工号：00002206
按绩点高低排列下被选中学生
[]
教师工号：00002276
按绩点高低排列下被选中学生
[]
教师工号：00002278
按绩点高低排列下被选中学生
[[u'2.4716', u'20148441', 496L]]
分配题目数：3
被选题目数：3
教师工号：00007416
按绩点高低排列下被选中学生
[]
教师工号：00007419
按绩点高低排列下被选中学生
[[u'3.376', u'20144019', 164L]]
分配题目数：4
被选题目数：4
教师工号：00007427
按绩点高低排列下被选中学生
[]
教师工号：00007429
按绩点高低排列下被选中学生
[]
教师工号：00007438
按绩点高低排列下被选中学生
[]
教师工号：00007471
按绩点高低排列下被选中学生
[]
教师工号：00007497
按绩点高低排列下被选中学生
[]
教师工号：00007530
按绩点高低排列下被选中学生
[]
教师工号：00007545
按绩点高低排列下被选中学生
[[u'2.4813', u'20144176', 173L]]
分配题目数：4
被选题目数：4
教师工号：00007558
按绩点高低排列下被选中学生
[]
教师工号：00007561
按绩点高低排列下被选中学生
[[u'3.0137', u'20143977', 126L]]
分配题目数：4
被选题目数：4
教师工号：00007569
按绩点高低排列下被选中学生
[]
教师工号：00007576
按绩点高低排列下被选中学生
[]
教师工号：00007598
按绩点高低排列下被选中学生
[]
教师工号：00007712
按绩点高低排列下被选中学生
[]
教师工号：00007720
按绩点高低排列下被选中学生
[[u'1.961', u'20143991', 482L]]
分配题目数：3
被选题目数：3
教师工号：00007748
按绩点高低排列下被选中学生
[[u'2.582', u'20144031', 307L]]
分配题目数：4
被选题目数：4
教师工号：00007749
按绩点高低排列下被选中学生
[]
教师工号：00007759
按绩点高低排列下被选中学生
[]
教师工号：00007780
按绩点高低排列下被选中学生
[[u'3.2169', u'20141208', 115L]]
分配题目数：3
被选题目数：1
 INSERT INTO `app_application_state`(`topic`, `selected_stu_no`, `submit`) VALUES (115,20141208,1)
教师工号：00007791
按绩点高低排列下被选中学生
[[u'2.4622', u'20143949', 55L]]
分配题目数：4
被选题目数：3
 INSERT INTO `app_application_state`(`topic`, `selected_stu_no`, `submit`) VALUES (55,20143949,1)
教师工号：00007815
按绩点高低排列下被选中学生
[[u'3.0973', u'20144018', 190L], [u'2.9722', u'20144114', 191L]]
分配题目数：3
被选题目数：3
分配题目数：3
被选题目数：3
教师工号：00007816
按绩点高低排列下被选中学生
[]
教师工号：00007818
按绩点高低排列下被选中学生
[]
教师工号：00007875
按绩点高低排列下被选中学生
[[u'3.2979', u'20144109', 138L], [u'2.5383', u'20144143', 137L]]
分配题目数：4
被选题目数：4
分配题目数：4
被选题目数：4
教师工号：00007885
按绩点高低排列下被选中学生
[]
教师工号：00007890
按绩点高低排列下被选中学生
[]
教师工号：00009511
按绩点高低排列下被选中学生
[]
教师工号：00009911
按绩点高低排列下被选中学生
[[u'2.2682', u'20144185', 509L]]
分配题目数：2
被选题目数：2
教师工号：00009926
按绩点高低排列下被选中学生
[[u'2.2722', u'20144015', 30L]]
分配题目数：3
被选题目数：2
 INSERT INTO `app_application_state`(`topic`, `selected_stu_no`, `submit`) VALUES (30,20144015,1)
教师工号：00009940
按绩点高低排列下被选中学生
[]
教师工号：00009954
按绩点高低排列下被选中学生
[[u'2.2201', u'20144023', 32L], [u'1.7776', u'20144299', 33L]]
分配题目数：3
被选题目数：1
 INSERT INTO `app_application_state`(`topic`, `selected_stu_no`, `submit`) VALUES (32,20144023,1)
分配题目数：3
被选题目数：2
 INSERT INTO `app_application_state`(`topic`, `selected_stu_no`, `submit`) VALUES (33,20144299,1)
教师工号：00040581
按绩点高低排列下被选中学生
[[u'3.1746', u'20144025', 441L]]
分配题目数：3
被选题目数：3
教师工号：00040589
按绩点高低排列下被选中学生
[[u'3.5178', u'20144113', 615L]]
分配题目数：3
被选题目数：2
 INSERT INTO `app_application_state`(`topic`, `selected_stu_no`, `submit`) VALUES (615,20144113,1)
教师工号：00040596
按绩点高低排列下被选中学生
[]
教师工号：00040597
按绩点高低排列下被选中学生
[]
教师工号：00080260
按绩点高低排列下被选中学生
[]
教师工号：00080265
按绩点高低排列下被选中学生
[[u'3.0016', u'20143978', 378L]]
分配题目数：3
被选题目数：2
 INSERT INTO `app_application_state`(`topic`, `selected_stu_no`, `submit`) VALUES (378,20143978,1)
教师工号：00080268
按绩点高低排列下被选中学生
[[u'1.7546', u'20144078', 380L]]
分配题目数：2
被选题目数：2
教师工号：10010011
按绩点高低排列下被选中学生
[]
教师工号：10010012
按绩点高低排列下被选中学生
[[u'2.657', u'20144135', 510L], [u'2.1858', u'20144101', 511L]]
分配题目数：2
被选题目数：0
 INSERT INTO `app_application_state`(`topic`, `selected_stu_no`, `submit`) VALUES (510,20144135,1)
分配题目数：2
被选题目数：1
 INSERT INTO `app_application_state`(`topic`, `selected_stu_no`, `submit`) VALUES (511,20144101,1)
第5志愿被分配
end daily task
*******************************************************************************************
2017-12-28 17:00:01
start daily task
教师选学生起点：2017-12-28
教师选学生起点时间戳：1514390400.0
教师工号：00001941
按绩点高低排列下被选中学生
[]
教师工号：00002096
按绩点高低排列下被选中学生
[]
教师工号：00002206
按绩点高低排列下被选中学生
[]
教师工号：00002223
按绩点高低排列下被选中学生
[]
教师工号：00002225
按绩点高低排列下被选中学生
[]
教师工号：00002256
按绩点高低排列下被选中学生
[]
教师工号：00002278
按绩点高低排列下被选中学生
[[u'2.7503', u'20143971', 496L], [u'2.3173', u'20148460', 498L]]
分配题目数：3
被选题目数：3
分配题目数：3
被选题目数：3
教师工号：00007416
按绩点高低排列下被选中学生
[]
教师工号：00007429
按绩点高低排列下被选中学生
[]
教师工号：00007456
按绩点高低排列下被选中学生
[]
教师工号：00007467
按绩点高低排列下被选中学生
[[u'3.0137', u'20143977', 413L], [u'2.7908', u'20148474', 412L]]
分配题目数：4
被选题目数：0
 INSERT INTO `app_application_state`(`topic`, `selected_stu_no`, `submit`) VALUES (413,20143977,1)
分配题目数：4
被选题目数：1
 INSERT INTO `app_application_state`(`topic`, `selected_stu_no`, `submit`) VALUES (412,20148474,1)
教师工号：00007471
按绩点高低排列下被选中学生
[]
教师工号：00007478
按绩点高低排列下被选中学生
[]
教师工号：00007497
按绩点高低排列下被选中学生
[]
教师工号：00007515
按绩点高低排列下被选中学生
[]
教师工号：00007520
按绩点高低排列下被选中学生
[]
教师工号：00007529
按绩点高低排列下被选中学生
[]
教师工号：00007530
按绩点高低排列下被选中学生
[]
教师工号：00007537
按绩点高低排列下被选中学生
[[u'1.7328', u'20144502', 71L]]
分配题目数：3
被选题目数：2
 INSERT INTO `app_application_state`(`topic`, `selected_stu_no`, `submit`) VALUES (71,20144502,1)
教师工号：00007541
按绩点高低排列下被选中学生
[]
教师工号：00007545
按绩点高低排列下被选中学生
[[u'3.2217', u'20144010', 170L], [u'3.0171', u'20143943', 173L]]
分配题目数：4
被选题目数：4
分配题目数：4
被选题目数：4
教师工号：00007558
按绩点高低排列下被选中学生
[[u'3.4378', u'20143997', 542L]]
分配题目数：3
被选题目数：3
教师工号：00007569
按绩点高低排列下被选中学生
[[u'2.9863', u'20144187', 327L]]
分配题目数：4
被选题目数：2
 INSERT INTO `app_application_state`(`topic`, `selected_stu_no`, `submit`) VALUES (327,20144187,1)
教师工号：00007570
按绩点高低排列下被选中学生
[]
教师工号：00007571
按绩点高低排列下被选中学生
[[u'2.2016', u'20148486', 447L]]
分配题目数：4
被选题目数：2
 INSERT INTO `app_application_state`(`topic`, `selected_stu_no`, `submit`) VALUES (447,20148486,1)
教师工号：00007595
按绩点高低排列下被选中学生
[]
教师工号：00007720
按绩点高低排列下被选中学生
[[u'1.961', u'20143991', 483L]]
分配题目数：3
被选题目数：3
教师工号：00007733
按绩点高低排列下被选中学生
[]
教师工号：00007748
按绩点高低排列下被选中学生
[]
教师工号：00007749
按绩点高低排列下被选中学生
[[u'2.2682', u'20144185', 240L]]
分配题目数：2
被选题目数：1
 INSERT INTO `app_application_state`(`topic`, `selected_stu_no`, `submit`) VALUES (240,20144185,1)
教师工号：00007812
按绩点高低排列下被选中学生
[]
教师工号：00007815
按绩点高低排列下被选中学生
[]
教师工号：00007816
按绩点高低排列下被选中学生
[]
教师工号：00007818
按绩点高低排列下被选中学生
[]
教师工号：00007855
按绩点高低排列下被选中学生
[[u'2.7241', u'20144081', 657L]]
分配题目数：3
被选题目数：3
教师工号：00007875
按绩点高低排列下被选中学生
[[u'3.8033', u'20143527', 137L]]
分配题目数：4
被选题目数：4
教师工号：00007887
按绩点高低排列下被选中学生
[[u'2.6801', u'20144027', 471L]]
分配题目数：4
被选题目数：4
教师工号：00007890
按绩点高低排列下被选中学生
[[u'2.8123', u'20143945', 108L], [u'2.276', u'20143969', 106L]]
分配题目数：4
被选题目数：4
分配题目数：4
被选题目数：4
教师工号：00007898
按绩点高低排列下被选中学生
[]
教师工号：00009289
按绩点高低排列下被选中学生
[]
教师工号：00009501
按绩点高低排列下被选中学生
[]
教师工号：00009911
按绩点高低排列下被选中学生
[]
教师工号：00009935
按绩点高低排列下被选中学生
[]
教师工号：00009949
按绩点高低排列下被选中学生
[]
教师工号：00009963
按绩点高低排列下被选中学生
[]
教师工号：00040597
按绩点高低排列下被选中学生
[]
教师工号：00080268
按绩点高低排列下被选中学生
[]
教师工号：00080269
按绩点高低排列下被选中学生
[[u'2.6072', u'20144284', 457L]]
分配题目数：3
被选题目数：1
 INSERT INTO `app_application_state`(`topic`, `selected_stu_no`, `submit`) VALUES (457,20144284,1)
教师工号：10010017
按绩点高低排列下被选中学生
[[u'2.1636', u'20134073', 415L]]
分配题目数：2
被选题目数：0
 INSERT INTO `app_application_state`(`topic`, `selected_stu_no`, `submit`) VALUES (415,20134073,1)
教师工号：10010020
按绩点高低排列下被选中学生
[[u'2.5533', u'20144253', 420L]]
分配题目数：2
被选题目数：0
 INSERT INTO `app_application_state`(`topic`, `selected_stu_no`, `submit`) VALUES (420,20144253,1)
教师工号：10010023
按绩点高低排列下被选中学生
[]
第6志愿被分配
end daily task
*******************************************************************************************
2017-12-28 17:17:18
start daily task
教师选学生起点：2017-12-28
教师选学生起点时间戳：1514390400.0
教师工号：00001941
按绩点高低排列下被选中学生
[]
教师工号：00002096
按绩点高低排列下被选中学生
[]
教师工号：00002206
按绩点高低排列下被选中学生
[]
教师工号：00002223
按绩点高低排列下被选中学生
[]
教师工号：00002225
按绩点高低排列下被选中学生
[]
教师工号：00002256
按绩点高低排列下被选中学生
[]
教师工号：00002278
按绩点高低排列下被选中学生
[[u'2.7503', u'20143971', 496L], [u'2.3173', u'20148460', 498L]]
分配题目数：3
被选题目数：3
分配题目数：3
被选题目数：3
教师工号：00007416
按绩点高低排列下被选中学生
[]
教师工号：00007429
按绩点高低排列下被选中学生
[]
教师工号：00007456
按绩点高低排列下被选中学生
[]
教师工号：00007471
按绩点高低排列下被选中学生
[]
教师工号：00007478
按绩点高低排列下被选中学生
[]
教师工号：00007497
按绩点高低排列下被选中学生
[]
教师工号：00007515
按绩点高低排列下被选中学生
[]
教师工号：00007520
按绩点高低排列下被选中学生
[]
教师工号：00007529
按绩点高低排列下被选中学生
[]
教师工号：00007530
按绩点高低排列下被选中学生
[]
教师工号：00007541
按绩点高低排列下被选中学生
[]
教师工号：00007545
按绩点高低排列下被选中学生
[[u'3.2217', u'20144010', 170L], [u'3.0171', u'20143943', 173L]]
分配题目数：4
被选题目数：4
分配题目数：4
被选题目数：4
教师工号：00007558
按绩点高低排列下被选中学生
[[u'3.4378', u'20143997', 542L]]
分配题目数：3
被选题目数：3
教师工号：00007570
按绩点高低排列下被选中学生
[]
教师工号：00007571
按绩点高低排列下被选中学生
[]
教师工号：00007595
按绩点高低排列下被选中学生
[]
教师工号：00007720
按绩点高低排列下被选中学生
[[u'1.961', u'20143991', 483L]]
分配题目数：3
被选题目数：3
教师工号：00007733
按绩点高低排列下被选中学生
[]
教师工号：00007748
按绩点高低排列下被选中学生
[]
教师工号：00007812
按绩点高低排列下被选中学生
[]
教师工号：00007815
按绩点高低排列下被选中学生
[]
教师工号：00007816
按绩点高低排列下被选中学生
[]
教师工号：00007818
按绩点高低排列下被选中学生
[]
教师工号：00007855
按绩点高低排列下被选中学生
[[u'2.7241', u'20144081', 657L]]
分配题目数：3
被选题目数：3
教师工号：00007875
按绩点高低排列下被选中学生
[[u'3.8033', u'20143527', 137L]]
分配题目数：4
被选题目数：4
教师工号：00007887
按绩点高低排列下被选中学生
[[u'2.6801', u'20144027', 471L]]
分配题目数：4
被选题目数：4
教师工号：00007890
按绩点高低排列下被选中学生
[[u'2.8123', u'20143945', 108L], [u'2.276', u'20143969', 106L]]
分配题目数：4
被选题目数：4
分配题目数：4
被选题目数：4
教师工号：00007898
按绩点高低排列下被选中学生
[]
教师工号：00009289
按绩点高低排列下被选中学生
[]
教师工号：00009501
按绩点高低排列下被选中学生
[]
教师工号：00009911
按绩点高低排列下被选中学生
[]
教师工号：00009935
按绩点高低排列下被选中学生
[]
教师工号：00009949
按绩点高低排列下被选中学生
[]
教师工号：00009963
按绩点高低排列下被选中学生
[]
教师工号：00040597
按绩点高低排列下被选中学生
[]
教师工号：00080268
按绩点高低排列下被选中学生
[]
教师工号：10010023
按绩点高低排列下被选中学生
[]
第6志愿被分配
end daily task
*******************************************************************************************
2017-12-28 17:19:33
start daily task
教师选学生起点：2017-12-28
教师选学生起点时间戳：1514390400.0
教师工号：00001941
按绩点高低排列下被选中学生
[]
教师工号：00002096
按绩点高低排列下被选中学生
[]
教师工号：00002206
按绩点高低排列下被选中学生
[]
教师工号：00002223
按绩点高低排列下被选中学生
[]
教师工号：00002225
按绩点高低排列下被选中学生
[]
教师工号：00002256
按绩点高低排列下被选中学生
[]
教师工号：00002278
按绩点高低排列下被选中学生
[[u'2.7503', u'20143971', 496L], [u'2.3173', u'20148460', 498L]]
分配题目数：3
被选题目数：3
分配题目数：3
被选题目数：3
教师工号：00007416
按绩点高低排列下被选中学生
[]
教师工号：00007429
按绩点高低排列下被选中学生
[]
教师工号：00007456
按绩点高低排列下被选中学生
[]
教师工号：00007471
按绩点高低排列下被选中学生
[]
教师工号：00007478
按绩点高低排列下被选中学生
[]
教师工号：00007497
按绩点高低排列下被选中学生
[]
教师工号：00007515
按绩点高低排列下被选中学生
[]
教师工号：00007520
按绩点高低排列下被选中学生
[]
教师工号：00007529
按绩点高低排列下被选中学生
[]
教师工号：00007530
按绩点高低排列下被选中学生
[]
教师工号：00007541
按绩点高低排列下被选中学生
[]
教师工号：00007545
按绩点高低排列下被选中学生
[[u'3.2217', u'20144010', 170L], [u'3.0171', u'20143943', 173L]]
分配题目数：4
被选题目数：4
分配题目数：4
被选题目数：4
教师工号：00007558
按绩点高低排列下被选中学生
[[u'3.4378', u'20143997', 542L]]
分配题目数：3
被选题目数：3
教师工号：00007570
按绩点高低排列下被选中学生
[]
教师工号：00007571
按绩点高低排列下被选中学生
[]
教师工号：00007595
按绩点高低排列下被选中学生
[]
教师工号：00007720
按绩点高低排列下被选中学生
[[u'1.961', u'20143991', 483L]]
分配题目数：3
被选题目数：3
教师工号：00007733
按绩点高低排列下被选中学生
[]
教师工号：00007748
按绩点高低排列下被选中学生
[]
教师工号：00007812
按绩点高低排列下被选中学生
[]
教师工号：00007815
按绩点高低排列下被选中学生
[]
教师工号：00007816
按绩点高低排列下被选中学生
[]
教师工号：00007818
按绩点高低排列下被选中学生
[]
教师工号：00007855
按绩点高低排列下被选中学生
[[u'2.7241', u'20144081', 657L]]
分配题目数：3
被选题目数：3
教师工号：00007875
按绩点高低排列下被选中学生
[[u'3.8033', u'20143527', 137L]]
分配题目数：4
被选题目数：4
教师工号：00007887
按绩点高低排列下被选中学生
[[u'2.6801', u'20144027', 471L]]
分配题目数：4
被选题目数：4
教师工号：00007890
按绩点高低排列下被选中学生
[[u'2.8123', u'20143945', 108L], [u'2.276', u'20143969', 106L]]
分配题目数：4
被选题目数：4
分配题目数：4
被选题目数：4
教师工号：00007898
按绩点高低排列下被选中学生
[]
教师工号：00009289
按绩点高低排列下被选中学生
[]
教师工号：00009501
按绩点高低排列下被选中学生
[]
教师工号：00009911
按绩点高低排列下被选中学生
[]
教师工号：00009935
按绩点高低排列下被选中学生
[]
教师工号：00009949
按绩点高低排列下被选中学生
[]
教师工号：00009963
按绩点高低排列下被选中学生
[]
教师工号：00040597
按绩点高低排列下被选中学生
[]
教师工号：00080268
按绩点高低排列下被选中学生
[]
教师工号：10010023
按绩点高低排列下被选中学生
[]
第6志愿被分配
end daily task
*******************************************************************************************
2017-12-28 17:21:36
start daily task
教师选学生起点：2017-12-28
教师选学生起点时间戳：1514390400.0
专业id**************************************
1
学生池
人数0
[]
题目池
题目数0
[]
该专业题目池中题目数大于等于学生池中学生数
专业id**************************************
25
00002206
老师被选题目数
1
老师剩余本专业题目数
3
该老师需要进入本专业题目池的题目个数
2
00002239
老师被选题目数
2
老师剩余本专业题目数
0
00002266
老师被选题目数
2
老师剩余本专业题目数
0
00002465
老师被选题目数
4
老师剩余本专业题目数
0
00007433
老师被选题目数
2
老师剩余本专业题目数
0
00007438
老师被选题目数
1
老师剩余本专业题目数
3
该老师需要进入本专业题目池的题目个数
1
00007453
老师被选题目数
1
老师剩余本专业题目数
1
该老师需要进入本专业题目池的题目个数
1
00007542
老师被选题目数
2
老师剩余本专业题目数
0
00007749
老师被选题目数
2
老师剩余本专业题目数
0
00007807
老师被选题目数
2
老师剩余本专业题目数
2
00007830
老师被选题目数
1
老师剩余本专业题目数
1
该老师需要进入本专业题目池的题目个数
1
00007878
老师被选题目数
1
老师剩余本专业题目数
1
该老师需要进入本专业题目池的题目个数
1
00007887
老师被选题目数
4
老师剩余本专业题目数
2
00008423
老师被选题目数
2
老师剩余本专业题目数
1
00009911
老师被选题目数
2
老师剩余本专业题目数
2
00009921
老师被选题目数
1
老师剩余本专业题目数
1
该老师需要进入本专业题目池的题目个数
1
00009943
老师被选题目数
2
老师剩余本专业题目数
0
00009956
老师被选题目数
1
老师剩余本专业题目数
1
该老师需要进入本专业题目池的题目个数
1
00080268
老师被选题目数
2
老师剩余本专业题目数
2
00080290
老师被选题目数
2
老师剩余本专业题目数
0
学生池
人数8
[u'20144118', u'20144131', u'20134095', u'20144027', u'20144070', u'20144078', u'20144093', u'20144208']
题目池
题目数8
[429L, 632L, 407L, 427L, 633L, 640L, 372L, 589L]
该专业题目池中题目数大于等于学生池中学生数
专业id**************************************
26
00007429
老师被选题目数
2
老师剩余本专业题目数
1
该老师需要进入本专业题目池的题目个数
1
00007471
老师被选题目数
2
老师剩余本专业题目数
1
该老师需要进入本专业题目池的题目个数
1
00007478
老师被选题目数
1
老师剩余本专业题目数
2
该老师需要进入本专业题目池的题目个数
2
00007494
老师被选题目数
2
老师剩余本专业题目数
1
该老师需要进入本专业题目池的题目个数
1
00009926
老师被选题目数
3
老师剩余本专业题目数
0
00009929
老师被选题目数
2
老师剩余本专业题目数
1
该老师需要进入本专业题目池的题目个数
1
00009948
老师被选题目数
2
老师剩余本专业题目数
1
该老师需要进入本专业题目池的题目个数
1
00009955
老师被选题目数
1
老师剩余本专业题目数
2
该老师需要进入本专业题目池的题目个数
2
00009959
老师被选题目数
2
老师剩余本专业题目数
1
该老师需要进入本专业题目池的题目个数
1
学生池
人数0
[]
题目池
题目数10
[439L, 566L, 565L, 273L, 648L, 581L, 224L, 221L, 177L, 225L]
该专业题目池中题目数大于等于学生池中学生数
专业id**************************************
27
00001941
老师被选题目数
2
老师剩余本专业题目数
2
该老师需要进入本专业题目池的题目个数
1
00002096
老师被选题目数
3
老师剩余本专业题目数
3
该老师需要进入本专业题目池的题目个数
1
00002210
老师被选题目数
2
老师剩余本专业题目数
2
该老师需要进入本专业题目池的题目个数
1
00002223
老师被选题目数
2
老师剩余本专业题目数
2
该老师需要进入本专业题目池的题目个数
2
00002225
老师被选题目数
2
老师剩余本专业题目数
2
该老师需要进入本专业题目池的题目个数
2
00002245
老师被选题目数
4
老师剩余本专业题目数
0
00002256
老师被选题目数
2
老师剩余本专业题目数
2
该老师需要进入本专业题目池的题目个数
2
00002277
老师被选题目数
2
老师剩余本专业题目数
1
该老师需要进入本专业题目池的题目个数
1
00002281
老师被选题目数
3
老师剩余本专业题目数
0
00003854
老师被选题目数
4
老师剩余本专业题目数
0
00007303
老师被选题目数
2
老师剩余本专业题目数
2
该老师需要进入本专业题目池的题目个数
2
00007348
老师被选题目数
3
老师剩余本专业题目数
1
该老师需要进入本专业题目池的题目个数
1
00007400
老师被选题目数
1
老师剩余本专业题目数
0
00007402
老师被选题目数
3
老师剩余本专业题目数
0
00007403
老师被选题目数
4
老师剩余本专业题目数
2
00007409
老师被选题目数
3
老师剩余本专业题目数
1
该老师需要进入本专业题目池的题目个数
1
00007411
老师被选题目数
2
老师剩余本专业题目数
2
该老师需要进入本专业题目池的题目个数
2
00007419
老师被选题目数
4
老师剩余本专业题目数
1
00007427
老师被选题目数
3
老师剩余本专业题目数
1
00007434
老师被选题目数
4
老师剩余本专业题目数
0
00007451
老师被选题目数
3
老师剩余本专业题目数
0
00007454
老师被选题目数
2
老师剩余本专业题目数
2
该老师需要进入本专业题目池的题目个数
2
00007461
老师被选题目数
3
老师剩余本专业题目数
0
00007467
老师被选题目数
2
老师剩余本专业题目数
4
该老师需要进入本专业题目池的题目个数
2
00007479
老师被选题目数
2
老师剩余本专业题目数
2
该老师需要进入本专业题目池的题目个数
2
00007496
老师被选题目数
2
老师剩余本专业题目数
1
该老师需要进入本专业题目池的题目个数
1
00007497
老师被选题目数
0
老师剩余本专业题目数
5
该老师需要进入本专业题目池的题目个数
2
00007529
老师被选题目数
1
老师剩余本专业题目数
3
该老师需要进入本专业题目池的题目个数
3
00007530
老师被选题目数
4
老师剩余本专业题目数
2
00007541
老师被选题目数
4
老师剩余本专业题目数
2
00007545
老师被选题目数
4
老师剩余本专业题目数
2
00007549
老师被选题目数
4
老师剩余本专业题目数
0
00007558
老师被选题目数
3
老师剩余本专业题目数
2
00007560
老师被选题目数
4
老师剩余本专业题目数
0
00007561
老师被选题目数
4
老师剩余本专业题目数
1
00007569
老师被选题目数
3
老师剩余本专业题目数
1
该老师需要进入本专业题目池的题目个数
1
00007571
老师被选题目数
3
老师剩余本专业题目数
1
该老师需要进入本专业题目池的题目个数
1
00007575
老师被选题目数
3
老师剩余本专业题目数
0
00007576
老师被选题目数
3
老师剩余本专业题目数
1
该老师需要进入本专业题目池的题目个数
1
00007580
老师被选题目数
2
老师剩余本专业题目数
2
该老师需要进入本专业题目池的题目个数
2
00007594
老师被选题目数
1
老师剩余本专业题目数
3
该老师需要进入本专业题目池的题目个数
3
00007595
老师被选题目数
2
老师剩余本专业题目数
2
该老师需要进入本专业题目池的题目个数
2
00007597
老师被选题目数
4
老师剩余本专业题目数
0
00007712
老师被选题目数
2
老师剩余本专业题目数
2
该老师需要进入本专业题目池的题目个数
2
00007720
老师被选题目数
3
老师剩余本专业题目数
3
00007722
老师被选题目数
3
老师剩余本专业题目数
1
00007736
老师被选题目数
3
老师剩余本专业题目数
0
00007746
老师被选题目数
4
老师剩余本专业题目数
1
00007747
老师被选题目数
4
老师剩余本专业题目数
1
00007780
老师被选题目数
2
老师剩余本专业题目数
1
该老师需要进入本专业题目池的题目个数
1
00007788
老师被选题目数
4
老师剩余本专业题目数
0
00007791
老师被选题目数
4
老师剩余本专业题目数
0
00007793
老师被选题目数
4
老师剩余本专业题目数
0
00007812
老师被选题目数
2
老师剩余本专业题目数
2
该老师需要进入本专业题目池的题目个数
2
00007815
老师被选题目数
3
老师剩余本专业题目数
2
00007816
老师被选题目数
2
老师剩余本专业题目数
2
该老师需要进入本专业题目池的题目个数
2
00007818
老师被选题目数
3
老师剩余本专业题目数
3
00007820
老师被选题目数
3
老师剩余本专业题目数
0
00007826
老师被选题目数
1
老师剩余本专业题目数
3
该老师需要进入本专业题目池的题目个数
2
00007829
老师被选题目数
3
老师剩余本专业题目数
1
该老师需要进入本专业题目池的题目个数
1
00007855
老师被选题目数
3
老师剩余本专业题目数
1
00007875
老师被选题目数
4
老师剩余本专业题目数
2
00007885
老师被选题目数
4
老师剩余本专业题目数
2
00007890
老师被选题目数
4
老师剩余本专业题目数
2
00007895
老师被选题目数
2
老师剩余本专业题目数
2
该老师需要进入本专业题目池的题目个数
2
00007898
老师被选题目数
3
老师剩余本专业题目数
1
00009291
老师被选题目数
3
老师剩余本专业题目数
1
该老师需要进入本专业题目池的题目个数
1
00009319
老师被选题目数
1
老师剩余本专业题目数
2
该老师需要进入本专业题目池的题目个数
2
00009912
老师被选题目数
3
老师剩余本专业题目数
0
00009935
老师被选题目数
3
老师剩余本专业题目数
1
该老师需要进入本专业题目池的题目个数
1
00009936
老师被选题目数
3
老师剩余本专业题目数
1
00009940
老师被选题目数
3
老师剩余本专业题目数
1
该老师需要进入本专业题目池的题目个数
1
00009941
老师被选题目数
3
老师剩余本专业题目数
1
该老师需要进入本专业题目池的题目个数
1
00009947
老师被选题目数
3
老师剩余本专业题目数
1
该老师需要进入本专业题目池的题目个数
1
00009949
老师被选题目数
1
老师剩余本专业题目数
3
该老师需要进入本专业题目池的题目个数
3
00040597
老师被选题目数
2
老师剩余本专业题目数
4
该老师需要进入本专业题目池的题目个数
2
00080260
老师被选题目数
0
老师剩余本专业题目数
3
该老师需要进入本专业题目池的题目个数
3
00080265
老师被选题目数
3
老师剩余本专业题目数
0
00080278
老师被选题目数
0
老师剩余本专业题目数
6
该老师需要进入本专业题目池的题目个数
4
10010001
老师被选题目数
1
老师剩余本专业题目数
0
10010002
老师被选题目数
0
老师剩余本专业题目数
1
该老师需要进入本专业题目池的题目个数
1
10010003
老师被选题目数
0
老师剩余本专业题目数
1
该老师需要进入本专业题目池的题目个数
1
10010004
老师被选题目数
1
老师剩余本专业题目数
0
10010005
老师被选题目数
1
老师剩余本专业题目数
0
10010007
老师被选题目数
0
老师剩余本专业题目数
1
该老师需要进入本专业题目池的题目个数
1
10010008
老师被选题目数
0
老师剩余本专业题目数
1
该老师需要进入本专业题目池的题目个数
1
10010009
老师被选题目数
1
老师剩余本专业题目数
0
10010010
老师被选题目数
0
老师剩余本专业题目数
4
该老师需要进入本专业题目池的题目个数
2
10010011
老师被选题目数
0
老师剩余本专业题目数
2
该老师需要进入本专业题目池的题目个数
2
10010012
老师被选题目数
2
老师剩余本专业题目数
0
10010013
老师被选题目数
1
老师剩余本专业题目数
1
该老师需要进入本专业题目池的题目个数
1
10010014
老师被选题目数
1
老师剩余本专业题目数
1
该老师需要进入本专业题目池的题目个数
1
10010015
老师被选题目数
0
老师剩余本专业题目数
2
该老师需要进入本专业题目池的题目个数
2
10010016
老师被选题目数
0
老师剩余本专业题目数
3
该老师需要进入本专业题目池的题目个数
2
10010017
老师被选题目数
1
老师剩余本专业题目数
3
该老师需要进入本专业题目池的题目个数
1
10010018
老师被选题目数
0
老师剩余本专业题目数
2
该老师需要进入本专业题目池的题目个数
2
10010019
老师被选题目数
0
老师剩余本专业题目数
4
该老师需要进入本专业题目池的题目个数
2
10010020
老师被选题目数
1
老师剩余本专业题目数
3
该老师需要进入本专业题目池的题目个数
1
10010021
老师被选题目数
0
老师剩余本专业题目数
2
该老师需要进入本专业题目池的题目个数
2
10010022
老师被选题目数
1
老师剩余本专业题目数
1
该老师需要进入本专业题目池的题目个数
1
10010023
老师被选题目数
0
老师剩余本专业题目数
2
该老师需要进入本专业题目池的题目个数
2
10010024
老师被选题目数
0
老师剩余本专业题目数
2
该老师需要进入本专业题目池的题目个数
2
10010025
老师被选题目数
0
老师剩余本专业题目数
2
该老师需要进入本专业题目池的题目个数
2
10010026
老师被选题目数
2
老师剩余本专业题目数
0
10010027
老师被选题目数
1
老师剩余本专业题目数
1
该老师需要进入本专业题目池的题目个数
1
10010028
老师被选题目数
0
老师剩余本专业题目数
2
该老师需要进入本专业题目池的题目个数
2
10010029
老师被选题目数
0
老师剩余本专业题目数
2
该老师需要进入本专业题目池的题目个数
2
学生池
人数58
[u'20143939', u'20143943', u'20143969', u'20144114', u'20144143', u'20144223', u'20143968', u'20143991', u'20144081', u'20144222', u'20147506', u'20147508', u'20143998', u'20144045', u'20144174', u'20144266', u'20143527', u'20143945', u'20143997', u'20144063', u'20144074', u'20144227', u'20143946', u'20144011', u'20144018', u'20144030', u'20144047', u'20144176', u'20144287', u'20143976', u'20144010', u'20144019', u'20144066', u'20144116', u'20143933', u'20144017', u'20144067', u'20144177', u'20144192', u'20144200', u'20144218', u'20144275', u'20144289', u'20141787', u'20143189', u'20144046', u'20144069', u'20144094', u'20144109', u'20144171', u'20144204', u'20144273', u'20148470', u'20148477', u'20148478', u'20148480', u'20148482', u'20148483']
题目池
题目数103
[275L, 116L, 642L, 312L, 66L, 165L, 181L, 168L, 256L, 322L, 133L, 478L, 670L, 88L, 249L, 331L, 395L, 274L, 157L, 186L, 535L, 588L, 666L, 628L, 345L, 320L, 276L, 591L, 419L, 562L, 251L, 586L, 90L, 253L, 532L, 333L, 102L, 182L, 434L, 278L, 445L, 558L, 597L, 436L, 668L, 674L, 416L, 414L, 159L, 194L, 89L, 334L, 288L, 462L, 665L, 103L, 629L, 388L, 386L, 641L, 536L, 223L, 183L, 368L, 576L, 45L, 374L, 464L, 560L, 371L, 554L, 537L, 596L, 393L, 367L, 460L, 47L, 479L, 336L, 627L, 124L, 8L, 375L, 53L, 533L, 321L, 534L, 592L, 467L, 383L, 409L, 330L, 517L, 13L, 342L, 630L, 635L, 287L, 65L, 263L, 574L, 54L, 585L]
该专业题目池中题目数大于等于学生池中学生数
专业id**************************************
28
00002048
老师被选题目数
1
老师剩余本专业题目数
2
该老师需要进入本专业题目池的题目个数
2
00002447
老师被选题目数
3
老师剩余本专业题目数
0
00007412
老师被选题目数
3
老师剩余本专业题目数
0
00007492
老师被选题目数
3
老师剩余本专业题目数
0
00007493
老师被选题目数
3
老师剩余本专业题目数
0
00007515
老师被选题目数
2
老师剩余本专业题目数
1
该老师需要进入本专业题目池的题目个数
1
00007537
老师被选题目数
3
老师剩余本专业题目数
0
00007538
老师被选题目数
3
老师剩余本专业题目数
0
00007810
老师被选题目数
3
老师剩余本专业题目数
0
00007854
老师被选题目数
3
老师剩余本专业题目数
0
00009501
老师被选题目数
2
老师剩余本专业题目数
1
该老师需要进入本专业题目池的题目个数
1
00009511
老师被选题目数
2
老师剩余本专业题目数
1
该老师需要进入本专业题目池的题目个数
1
00009922
老师被选题目数
3
老师剩余本专业题目数
0
00009923
老师被选题目数
3
老师剩余本专业题目数
0
00009928
老师被选题目数
0
老师剩余本专业题目数
3
该老师需要进入本专业题目池的题目个数
3
00009931
老师被选题目数
3
老师剩余本专业题目数
0
00009963
老师被选题目数
1
老师剩余本专业题目数
2
该老师需要进入本专业题目池的题目个数
2
00040587
老师被选题目数
1
老师剩余本专业题目数
2
该老师需要进入本专业题目池的题目个数
2
00040591
老师被选题目数
2
老师剩余本专业题目数
1
该老师需要进入本专业题目池的题目个数
1
学生池
人数11
[u'20144345', u'20144347', u'20144351', u'20144369', u'20144397', u'20133540', u'20144420', u'20144422', u'20144449', u'20144493', u'20144524']
题目池
题目数13
[81L, 82L, 80L, 392L, 83L, 201L, 179L, 85L, 75L, 77L, 290L, 391L, 79L]
该专业题目池中题目数大于等于学生池中学生数
专业id**************************************
29
00001232
老师被选题目数
3
老师剩余本专业题目数
0
00002255
老师被选题目数
0
老师剩余本专业题目数
3
该老师需要进入本专业题目池的题目个数
3
00002267
老师被选题目数
2
老师剩余本专业题目数
2
该老师需要进入本专业题目池的题目个数
1
00002276
老师被选题目数
2
老师剩余本专业题目数
1
该老师需要进入本专业题目池的题目个数
1
00002278
老师被选题目数
3
老师剩余本专业题目数
2
00002293
老师被选题目数
4
老师剩余本专业题目数
0
00007407
老师被选题目数
3
老师剩余本专业题目数
0
00007416
老师被选题目数
1
老师剩余本专业题目数
3
该老师需要进入本专业题目池的题目个数
2
00007426
老师被选题目数
3
老师剩余本专业题目数
1
该老师需要进入本专业题目池的题目个数
1
00007456
老师被选题目数
2
老师剩余本专业题目数
2
该老师需要进入本专业题目池的题目个数
1
00007495
老师被选题目数
3
老师剩余本专业题目数
1
00007518
老师被选题目数
0
老师剩余本专业题目数
3
该老师需要进入本专业题目池的题目个数
3
00007520
老师被选题目数
2
老师剩余本专业题目数
1
该老师需要进入本专业题目池的题目个数
1
00007521
老师被选题目数
3
老师剩余本专业题目数
1
00007522
老师被选题目数
3
老师剩余本专业题目数
1
00007533
老师被选题目数
3
老师剩余本专业题目数
1
00007544
老师被选题目数
2
老师剩余本专业题目数
2
该老师需要进入本专业题目池的题目个数
1
00007570
老师被选题目数
1
老师剩余本专业题目数
3
该老师需要进入本专业题目池的题目个数
2
00007598
老师被选题目数
3
老师剩余本专业题目数
1
00007707
老师被选题目数
1
老师剩余本专业题目数
3
该老师需要进入本专业题目池的题目个数
2
00007733
老师被选题目数
1
老师剩余本专业题目数
3
该老师需要进入本专业题目池的题目个数
2
00007738
老师被选题目数
1
老师剩余本专业题目数
3
该老师需要进入本专业题目池的题目个数
2
00007748
老师被选题目数
4
老师剩余本专业题目数
2
00007759
老师被选题目数
2
老师剩余本专业题目数
4
该老师需要进入本专业题目池的题目个数
1
00007771
老师被选题目数
0
老师剩余本专业题目数
3
该老师需要进入本专业题目池的题目个数
3
00007839
老师被选题目数
1
老师剩余本专业题目数
2
该老师需要进入本专业题目池的题目个数
2
00007865
老师被选题目数
2
老师剩余本专业题目数
1
该老师需要进入本专业题目池的题目个数
1
00009289
老师被选题目数
3
老师剩余本专业题目数
1
00009900
老师被选题目数
1
老师剩余本专业题目数
2
该老师需要进入本专业题目池的题目个数
2
00009952
老师被选题目数
3
老师剩余本专业题目数
0
00009954
老师被选题目数
3
老师剩余本专业题目数
0
00040581
老师被选题目数
3
老师剩余本专业题目数
1
00040589
老师被选题目数
3
老师剩余本专业题目数
0
00040596
老师被选题目数
3
老师剩余本专业题目数
3
00080188
老师被选题目数
3
老师剩余本专业题目数
0
00080210
老师被选题目数
1
老师剩余本专业题目数
2
该老师需要进入本专业题目池的题目个数
2
00080269
老师被选题目数
2
老师剩余本专业题目数
1
该老师需要进入本专业题目池的题目个数
1
学生池
人数22
[u'20134197', u'20143989', u'20143996', u'20144042', u'20144110', u'20144123', u'20144154', u'20144221', u'20143963', u'20143971', u'20144025', u'20144031', u'20144040', u'20144050', u'20144214', u'20144277', u'20144295', u'20148441', u'20148448', u'20148450', u'20148460', u'20148462']
题目池
题目数34
[42L, 397L, 605L, 551L, 603L, 399L, 398L, 113L, 111L, 259L, 228L, 26L, 538L, 622L, 17L, 606L, 44L, 616L, 569L, 608L, 489L, 626L, 229L, 621L, 607L, 625L, 459L, 568L, 15L, 579L, 21L, 43L, 650L, 577L]
该专业题目池中题目数大于等于学生池中学生数
f
end daily task
*******************************************************************************************
2017-12-28 18:00:01
start daily task
教师选学生起点：2017-12-28
教师选学生起点时间戳：1514390400.0
未开始选学生或自由分配已结束
end daily task
*******************************************************************************************
2017-12-28 19:00:02
start daily task
教师选学生起点：2017-12-28
教师选学生起点时间戳：1514390400.0
未开始选学生或自由分配已结束
end daily task
*******************************************************************************************
2017-12-28 20:00:01
start daily task
教师选学生起点：2017-12-28
教师选学生起点时间戳：1514390400.0
未开始选学生或自由分配已结束
end daily task
*******************************************************************************************
2017-12-28 21:00:01
start daily task
教师选学生起点：2017-12-28
教师选学生起点时间戳：1514390400.0
未开始选学生或自由分配已结束
end daily task
